<?xml version="1.0" encoding="UTF-8"?>
<coverage generated="1536991131473" clover="3.2.0">
  <project timestamp="1536991131473" name="All files">
    <metrics statements="36" coveredstatements="32" conditionals="10" coveredconditionals="7" methods="5" coveredmethods="5" elements="51" coveredelements="44" complexity="0" loc="36" ncloc="36" packages="1" files="1" classes="1">
      <file name="linked-list.js" path="/Users/bwest/Documents/GitHub/Repositories/codefellows/coding-assignments/05-linked-lists-FUNdamentals/src/lib/linked-list.js">
        <metrics statements="36" coveredstatements="32" conditionals="10" coveredconditionals="7" methods="5" coveredmethods="5"/>
        <line num="3" count="1" type="stmt"/>
        <line num="7" count="10" type="stmt"/>
        <line num="8" count="10" type="stmt"/>
        <line num="14" count="1" type="stmt"/>
        <line num="15" count="1" type="stmt"/>
        <line num="22" count="10" type="stmt"/>
        <line num="23" count="10" type="stmt"/>
        <line num="24" count="10" type="stmt"/>
        <line num="25" count="10" type="stmt"/>
        <line num="26" count="10" type="stmt"/>
        <line num="30" count="1" type="stmt"/>
        <line num="31" count="1" type="stmt"/>
        <line num="32" count="1" type="cond" truecount="1" falsecount="1"/>
        <line num="33" count="0" type="stmt"/>
        <line num="35" count="1" type="stmt"/>
        <line num="37" count="5" type="stmt"/>
        <line num="39" count="1" type="stmt"/>
        <line num="41" count="1" type="stmt"/>
        <line num="42" count="1" type="stmt"/>
        <line num="46" count="2" type="cond" truecount="2" falsecount="0"/>
        <line num="47" count="1" type="stmt"/>
        <line num="50" count="1" type="cond" truecount="1" falsecount="1"/>
        <line num="51" count="0" type="stmt"/>
        <line num="54" count="1" type="cond" truecount="1" falsecount="1"/>
        <line num="55" count="0" type="stmt"/>
        <line num="58" count="1" type="stmt"/>
        <line num="59" count="1" type="stmt"/>
        <line num="60" count="5" type="cond" truecount="2" falsecount="0"/>
        <line num="62" count="1" type="stmt"/>
        <line num="63" count="1" type="stmt"/>
        <line num="65" count="4" type="stmt"/>
        <line num="67" count="0" type="stmt"/>
        <line num="71" count="1" type="stmt"/>
        <line num="74" count="1" type="stmt"/>
        <line num="75" count="10" type="stmt"/>
        <line num="84" count="1" type="stmt"/>
      </file>
    </metrics>
  </project>
</coverage>
