{"/Users/bwest/Documents/GitHub/Repositories/codefellows/coding-assignments/05-linked-lists-FUNdamentals/src/lib/linked-list.js": {"path":"/Users/bwest/Documents/GitHub/Repositories/codefellows/coding-assignments/05-linked-lists-FUNdamentals/src/lib/linked-list.js","statementMap":{"0":{"start":{"line":3,"column":23},"end":{"line":3,"column":25}},"1":{"start":{"line":7,"column":4},"end":{"line":7,"column":23}},"2":{"start":{"line":8,"column":4},"end":{"line":8,"column":21}},"3":{"start":{"line":14,"column":4},"end":{"line":14,"column":21}},"4":{"start":{"line":15,"column":4},"end":{"line":18,"column":6}},"5":{"start":{"line":22,"column":17},"end":{"line":22,"column":32}},"6":{"start":{"line":23,"column":4},"end":{"line":23,"column":26}},"7":{"start":{"line":24,"column":4},"end":{"line":24,"column":21}},"8":{"start":{"line":25,"column":4},"end":{"line":25,"column":44}},"9":{"start":{"line":26,"column":4},"end":{"line":26,"column":16}},"10":{"start":{"line":30,"column":22},"end":{"line":30,"column":31}},"11":{"start":{"line":31,"column":23},"end":{"line":31,"column":34}},"12":{"start":{"line":32,"column":4},"end":{"line":40,"column":5}},"13":{"start":{"line":33,"column":6},"end":{"line":33,"column":35}},"14":{"start":{"line":35,"column":6},"end":{"line":38,"column":7}},"15":{"start":{"line":37,"column":8},"end":{"line":37,"column":39}},"16":{"start":{"line":39,"column":6},"end":{"line":39,"column":41}},"17":{"start":{"line":41,"column":4},"end":{"line":41,"column":44}},"18":{"start":{"line":42,"column":4},"end":{"line":42,"column":22}},"19":{"start":{"line":46,"column":4},"end":{"line":48,"column":5}},"20":{"start":{"line":47,"column":6},"end":{"line":47,"column":18}},"21":{"start":{"line":50,"column":4},"end":{"line":52,"column":5}},"22":{"start":{"line":51,"column":6},"end":{"line":51,"column":53}},"23":{"start":{"line":54,"column":4},"end":{"line":56,"column":5}},"24":{"start":{"line":55,"column":6},"end":{"line":55,"column":23}},"25":{"start":{"line":58,"column":22},"end":{"line":58,"column":31}},"26":{"start":{"line":59,"column":4},"end":{"line":66,"column":5}},"27":{"start":{"line":60,"column":6},"end":{"line":64,"column":7}},"28":{"start":{"line":62,"column":23},"end":{"line":62,"column":45}},"29":{"start":{"line":63,"column":8},"end":{"line":63,"column":35}},"30":{"start":{"line":65,"column":6},"end":{"line":65,"column":37}},"31":{"start":{"line":67,"column":4},"end":{"line":67,"column":16}},"32":{"start":{"line":71,"column":0},"end":{"line":71,"column":38}},"33":{"start":{"line":74,"column":0},"end":{"line":76,"column":1}},"34":{"start":{"line":75,"column":2},"end":{"line":75,"column":47}},"35":{"start":{"line":84,"column":0},"end":{"line":84,"column":32}}},"fnMap":{"0":{"name":"(anonymous_0)","decl":{"start":{"line":6,"column":2},"end":{"line":6,"column":3}},"loc":{"start":{"line":6,"column":21},"end":{"line":9,"column":3}},"line":6},"1":{"name":"(anonymous_1)","decl":{"start":{"line":13,"column":2},"end":{"line":13,"column":3}},"loc":{"start":{"line":13,"column":16},"end":{"line":19,"column":3}},"line":13},"2":{"name":"(anonymous_2)","decl":{"start":{"line":21,"column":2},"end":{"line":21,"column":3}},"loc":{"start":{"line":21,"column":22},"end":{"line":27,"column":3}},"line":21},"3":{"name":"(anonymous_3)","decl":{"start":{"line":29,"column":2},"end":{"line":29,"column":3}},"loc":{"start":{"line":29,"column":17},"end":{"line":43,"column":3}},"line":29},"4":{"name":"(anonymous_4)","decl":{"start":{"line":45,"column":2},"end":{"line":45,"column":3}},"loc":{"start":{"line":45,"column":14},"end":{"line":68,"column":3}},"line":45}},"branchMap":{"0":{"loc":{"start":{"line":32,"column":4},"end":{"line":40,"column":5}},"type":"if","locations":[{"start":{"line":32,"column":4},"end":{"line":40,"column":5}},{"start":{"line":32,"column":4},"end":{"line":40,"column":5}}],"line":32},"1":{"loc":{"start":{"line":46,"column":4},"end":{"line":48,"column":5}},"type":"if","locations":[{"start":{"line":46,"column":4},"end":{"line":48,"column":5}},{"start":{"line":46,"column":4},"end":{"line":48,"column":5}}],"line":46},"2":{"loc":{"start":{"line":50,"column":4},"end":{"line":52,"column":5}},"type":"if","locations":[{"start":{"line":50,"column":4},"end":{"line":52,"column":5}},{"start":{"line":50,"column":4},"end":{"line":52,"column":5}}],"line":50},"3":{"loc":{"start":{"line":54,"column":4},"end":{"line":56,"column":5}},"type":"if","locations":[{"start":{"line":54,"column":4},"end":{"line":56,"column":5}},{"start":{"line":54,"column":4},"end":{"line":56,"column":5}}],"line":54},"4":{"loc":{"start":{"line":60,"column":6},"end":{"line":64,"column":7}},"type":"if","locations":[{"start":{"line":60,"column":6},"end":{"line":64,"column":7}},{"start":{"line":60,"column":6},"end":{"line":64,"column":7}}],"line":60}},"s":{"0":1,"1":10,"2":10,"3":1,"4":1,"5":10,"6":10,"7":10,"8":10,"9":10,"10":1,"11":1,"12":1,"13":0,"14":1,"15":5,"16":1,"17":1,"18":1,"19":2,"20":1,"21":1,"22":0,"23":1,"24":0,"25":1,"26":1,"27":5,"28":1,"29":1,"30":4,"31":0,"32":1,"33":1,"34":10,"35":1},"f":{"0":10,"1":1,"2":10,"3":1,"4":2},"b":{"0":[0,1],"1":[1,1],"2":[0,1],"3":[0,1],"4":[1,4]},"_coverageSchema":"332fd63041d2c1bcb487cc26dd0d5f7d97098a6c","hash":"b4c045471816c4e366355f2af8347ae1654f5928"}
}
