TN:
SF:/Users/bwest/Documents/GitHub/Repositories/codefellows/coding-assignments/05-linked-lists-FUNdamentals/src/lib/linked-list.js
FN:6,(anonymous_0)
FN:13,(anonymous_1)
FN:21,(anonymous_2)
FN:29,(anonymous_3)
FN:45,(anonymous_4)
FNF:5
FNH:5
FNDA:10,(anonymous_0)
FNDA:1,(anonymous_1)
FNDA:10,(anonymous_2)
FNDA:1,(anonymous_3)
FNDA:2,(anonymous_4)
DA:3,1
DA:7,10
DA:8,10
DA:14,1
DA:15,1
DA:22,10
DA:23,10
DA:24,10
DA:25,10
DA:26,10
DA:30,1
DA:31,1
DA:32,1
DA:33,0
DA:35,1
DA:37,5
DA:39,1
DA:41,1
DA:42,1
DA:46,2
DA:47,1
DA:50,1
DA:51,0
DA:54,1
DA:55,0
DA:58,1
DA:59,1
DA:60,5
DA:62,1
DA:63,1
DA:65,4
DA:67,0
DA:71,1
DA:74,1
DA:75,10
DA:84,1
LF:36
LH:32
BRDA:32,0,0,0
BRDA:32,0,1,1
BRDA:46,1,0,1
BRDA:46,1,1,1
BRDA:50,2,0,0
BRDA:50,2,1,1
BRDA:54,3,0,0
BRDA:54,3,1,1
BRDA:60,4,0,1
BRDA:60,4,1,4
BRF:10
BRH:7
end_of_record
